<?xml version="1.0" encoding="UTF-8"?>
<testng-results ignored="0" total="1" passed="1" failed="0" skipped="0">
  <reporter-output>
  </reporter-output>
  <suite started-at="2022-02-09T10:53:07 CET" name="InetBank" finished-at="2022-02-09T10:53:13 CET" duration-ms="5848">
    <groups>
    </groups>
    <test started-at="2022-02-09T10:53:07 CET" name="BankingApp Test" finished-at="2022-02-09T10:53:13 CET" duration-ms="5848">
      <class name="com.inetBanking.testCases.TC_LoginTest_001">
        <test-method is-config="true" signature="setUp(java.lang.String)[pri:0, instance:com.inetBanking.testCases.TC_LoginTest_001@16a0ee18]" started-at="2022-02-09T10:53:07 CET" name="setUp" finished-at="2022-02-09T10:53:11 CET" duration-ms="3441" status="PASS">
          <params>
            <param index="0">
              <value>
                <![CDATA[chrome]]>
              </value>
            </param>
          </params>
          <reporter-output>
          </reporter-output>
        </test-method> <!-- setUp -->
        <test-method signature="loginTest()[pri:0, instance:com.inetBanking.testCases.TC_LoginTest_001@16a0ee18]" started-at="2022-02-09T10:53:11 CET" name="loginTest" finished-at="2022-02-09T10:53:13 CET" duration-ms="1991" status="PASS">
          <reporter-output>
          </reporter-output>
        </test-method> <!-- loginTest -->
        <test-method is-config="true" signature="tearDown()[pri:0, instance:com.inetBanking.testCases.TC_LoginTest_001@16a0ee18]" started-at="2022-02-09T10:53:13 CET" name="tearDown" finished-at="2022-02-09T10:53:13 CET" duration-ms="172" status="PASS">
          <reporter-output>
          </reporter-output>
        </test-method> <!-- tearDown -->
      </class> <!-- com.inetBanking.testCases.TC_LoginTest_001 -->
    </test> <!-- BankingApp Test -->
  </suite> <!-- InetBank -->
</testng-results>
